<?xml version="1.0" encoding="UTF-8"?>
<testng-results ignored="0" total="2" passed="2" failed="0" skipped="0">
  <reporter-output>
  </reporter-output>
  <suite started-at="2024-04-21T14:41:40 IST" name="Default suite" finished-at="2024-04-21T14:41:56 IST" duration-ms="15836">
    <groups>
    </groups>
    <test started-at="2024-04-21T14:41:40 IST" name="Default test" finished-at="2024-04-21T14:41:56 IST" duration-ms="15836">
      <class name="testngdemo.OrangeHrmPIM">
        <test-method signature="testOrangeHrmLogin_NegativeFlow()[pri:1, instance:testngdemo.OrangeHrmPIM@3cebbb30]" started-at="2024-04-21T14:41:40 IST" name="testOrangeHrmLogin_NegativeFlow" finished-at="2024-04-21T14:41:48 IST" duration-ms="8556" status="PASS">
          <reporter-output>
          </reporter-output>
        </test-method> <!-- testOrangeHrmLogin_NegativeFlow -->
        <test-method signature="testOrangeHrmLogin_PositiveFlow()[pri:2, instance:testngdemo.OrangeHrmPIM@3cebbb30]" started-at="2024-04-21T14:41:48 IST" name="testOrangeHrmLogin_PositiveFlow" finished-at="2024-04-21T14:41:56 IST" duration-ms="7220" status="PASS">
          <reporter-output>
          </reporter-output>
        </test-method> <!-- testOrangeHrmLogin_PositiveFlow -->
      </class> <!-- testngdemo.OrangeHrmPIM -->
    </test> <!-- Default test -->
  </suite> <!-- Default suite -->
</testng-results>
